<?xml version="1.0" encoding="UTF-8"?>
<!-- Generated by org.testng.reporters.JUnitReportReporter -->
<testsuite hostname="DESKTOP-GBEDEFA" failures="0" tests="3" name="RestAssuredTest.APITest" time="16.512" errors="0" timestamp="2021-04-09T19:45:43 IST" skipped="0">
  <testcase classname="RestAssuredTest.APITest" name="patchfunct" time="1.562"/>
  <system-out/>
  <testcase classname="RestAssuredTest.APITest" name="putfunct" time="2.995"/>
  <system-out/>
  <testcase classname="RestAssuredTest.APITest" name="deletefunct" time="11.955"/>
  <system-out/>
</testsuite> <!-- RestAssuredTest.APITest -->
